#-----------------------------------------------------------
# Vivado v2019.1 (64-bit)
# SW Build 2552052 on Fri May 24 14:49:42 MDT 2019
# IP Build 2548770 on Fri May 24 18:01:18 MDT 2019
# Start of session at: Tue Jul 28 21:02:10 2020
# Process ID: 19464
# Current directory: D:/shixi/Gyro2AWSIoT
# Command line: vivado.exe -gui_launcher_event rodinguilauncherevent11192 D:\shixi\Gyro2AWSIoT\Gyro2AWSIoT.xpr
# Log file: D:/shixi/Gyro2AWSIoT/vivado.log
# Journal file: D:/shixi/Gyro2AWSIoT\vivado.jou
#-----------------------------------------------------------
start_gui
open_project D:/shixi/Gyro2AWSIoT/Gyro2AWSIoT.xpr
Scanning sources...
Finished scanning sources
INFO: [IP_Flow 19-234] Refreshing IP repositories
INFO: [IP_Flow 19-1704] No user IP repositories specified
INFO: [IP_Flow 19-2313] Loaded Vivado IP repository 'D:/vivado/Vivado/2019.1/data/ip'.
WARNING: [IP_Flow 19-2162] IP 'clk_wiz_0' is locked:
* Current project part 'xc7s15ftgb196-1' and the part 'xc7s50ftgb196-1' used to customize the IP 'clk_wiz_0' do not match.
WARNING: [IP_Flow 19-2162] IP 'blk_mem_gen_0' is locked:
* Current project part 'xc7s15ftgb196-1' and the part 'xc7s50ftgb196-1' used to customize the IP 'blk_mem_gen_0' do not match.
open_project: Time (s): cpu = 00:00:15 ; elapsed = 00:00:07 . Memory (MB): peak = 725.121 ; gain = 101.910
update_compile_order -fileset sources_1
report_ip_status -name ip_status 
export_ip_user_files -of_objects  [get_files D:/shixi/Gyro2AWSIoT/Gyro2AWSIoT.srcs/sources_1/ip/clk_wiz_0/clk_wiz_0.xci] -no_script -reset -force -quiet
remove_files  -fileset clk_wiz_0 D:/shixi/Gyro2AWSIoT/Gyro2AWSIoT.srcs/sources_1/ip/clk_wiz_0/clk_wiz_0.xci
INFO: [Project 1-386] Moving file 'D:/shixi/Gyro2AWSIoT/Gyro2AWSIoT.srcs/sources_1/ip/clk_wiz_0/clk_wiz_0.xci' from fileset 'clk_wiz_0' to fileset 'sources_1'.
export_ip_user_files -of_objects  [get_files D:/shixi/Gyro2AWSIoT/Gyro2AWSIoT.srcs/sources_1/ip/blk_mem_gen_0/blk_mem_gen_0.xci] -no_script -reset -force -quiet
remove_files  -fileset blk_mem_gen_0 D:/shixi/Gyro2AWSIoT/Gyro2AWSIoT.srcs/sources_1/ip/blk_mem_gen_0/blk_mem_gen_0.xci
INFO: [Project 1-386] Moving file 'D:/shixi/Gyro2AWSIoT/Gyro2AWSIoT.srcs/sources_1/ip/blk_mem_gen_0/blk_mem_gen_0.xci' from fileset 'blk_mem_gen_0' to fileset 'sources_1'.
create_ip -name clk_wiz -vendor xilinx.com -library ip -version 6.0 -module_name clk_wiz_0 -dir d:/shixi/Gyro2AWSIoT/Gyro2AWSIoT.srcs/sources_1/ip
set_property -dict [list CONFIG.CLKOUT2_USED {true} CONFIG.CLKOUT2_REQUESTED_OUT_FREQ {10.000} CONFIG.MMCM_CLKOUT1_DIVIDE {100} CONFIG.NUM_OUT_CLKS {2} CONFIG.CLKOUT2_JITTER {209.588} CONFIG.CLKOUT2_PHASE_ERROR {98.575}] [get_ips clk_wiz_0]
generate_target {instantiation_template} [get_files d:/shixi/Gyro2AWSIoT/Gyro2AWSIoT.srcs/sources_1/ip/clk_wiz_0_1/clk_wiz_0.xci]
INFO: [IP_Flow 19-1686] Generating 'Instantiation Template' target for IP 'clk_wiz_0'...
generate_target all [get_files  d:/shixi/Gyro2AWSIoT/Gyro2AWSIoT.srcs/sources_1/ip/clk_wiz_0_1/clk_wiz_0.xci]
INFO: [IP_Flow 19-1686] Generating 'Synthesis' target for IP 'clk_wiz_0'...
INFO: [IP_Flow 19-1686] Generating 'Simulation' target for IP 'clk_wiz_0'...
INFO: [IP_Flow 19-1686] Generating 'Implementation' target for IP 'clk_wiz_0'...
INFO: [IP_Flow 19-1686] Generating 'Change Log' target for IP 'clk_wiz_0'...
catch { config_ip_cache -export [get_ips -all clk_wiz_0] }
export_ip_user_files -of_objects [get_files d:/shixi/Gyro2AWSIoT/Gyro2AWSIoT.srcs/sources_1/ip/clk_wiz_0_1/clk_wiz_0.xci] -no_script -sync -force -quiet
create_ip_run [get_files -of_objects [get_fileset sources_1] d:/shixi/Gyro2AWSIoT/Gyro2AWSIoT.srcs/sources_1/ip/clk_wiz_0_1/clk_wiz_0.xci]
launch_runs -jobs 4 clk_wiz_0_synth_1
[Tue Jul 28 21:07:27 2020] Launched clk_wiz_0_synth_1...
Run output will be captured here: D:/shixi/Gyro2AWSIoT/Gyro2AWSIoT.runs/clk_wiz_0_synth_1/runme.log
export_simulation -of_objects [get_files d:/shixi/Gyro2AWSIoT/Gyro2AWSIoT.srcs/sources_1/ip/clk_wiz_0_1/clk_wiz_0.xci] -directory D:/shixi/Gyro2AWSIoT/Gyro2AWSIoT.ip_user_files/sim_scripts -ip_user_files_dir D:/shixi/Gyro2AWSIoT/Gyro2AWSIoT.ip_user_files -ipstatic_source_dir D:/shixi/Gyro2AWSIoT/Gyro2AWSIoT.ip_user_files/ipstatic -lib_map_path [list {modelsim=D:/shixi/Gyro2AWSIoT/Gyro2AWSIoT.cache/compile_simlib/modelsim} {questa=D:/shixi/Gyro2AWSIoT/Gyro2AWSIoT.cache/compile_simlib/questa} {riviera=D:/shixi/Gyro2AWSIoT/Gyro2AWSIoT.cache/compile_simlib/riviera} {activehdl=D:/shixi/Gyro2AWSIoT/Gyro2AWSIoT.cache/compile_simlib/activehdl}] -use_ip_compiled_libs -force -quiet
WARNING: [IP_Flow 19-4067] Ignoring invalid widget type specified checkbox.Providing a default widget
WARNING: [IP_Flow 19-4067] Ignoring invalid widget type specified checkbox.Providing a default widget
create_ip -name blk_mem_gen -vendor xilinx.com -library ip -version 8.4 -module_name blk_mem_gen_0 -dir d:/shixi/Gyro2AWSIoT/Gyro2AWSIoT.srcs/sources_1/ip
set_property -dict [list CONFIG.Memory_Type {True_Dual_Port_RAM} CONFIG.Write_Width_A {8} CONFIG.Write_Depth_A {256} CONFIG.Read_Width_A {8} CONFIG.Operating_Mode_A {READ_FIRST} CONFIG.Enable_A {Always_Enabled} CONFIG.Write_Width_B {8} CONFIG.Read_Width_B {8} CONFIG.Enable_B {Always_Enabled} CONFIG.Register_PortB_Output_of_Memory_Primitives {true} CONFIG.Port_B_Clock {100} CONFIG.Port_B_Write_Rate {50} CONFIG.Port_B_Enable_Rate {100}] [get_ips blk_mem_gen_0]
generate_target {instantiation_template} [get_files d:/shixi/Gyro2AWSIoT/Gyro2AWSIoT.srcs/sources_1/ip/blk_mem_gen_0_1/blk_mem_gen_0.xci]
INFO: [IP_Flow 19-1686] Generating 'Instantiation Template' target for IP 'blk_mem_gen_0'...
generate_target all [get_files  d:/shixi/Gyro2AWSIoT/Gyro2AWSIoT.srcs/sources_1/ip/blk_mem_gen_0_1/blk_mem_gen_0.xci]
INFO: [IP_Flow 19-1686] Generating 'Synthesis' target for IP 'blk_mem_gen_0'...
INFO: [IP_Flow 19-1686] Generating 'Simulation' target for IP 'blk_mem_gen_0'...
INFO: [IP_Flow 19-1686] Generating 'Miscellaneous' target for IP 'blk_mem_gen_0'...
INFO: [IP_Flow 19-1686] Generating 'Change Log' target for IP 'blk_mem_gen_0'...
catch { config_ip_cache -export [get_ips -all blk_mem_gen_0] }
export_ip_user_files -of_objects [get_files d:/shixi/Gyro2AWSIoT/Gyro2AWSIoT.srcs/sources_1/ip/blk_mem_gen_0_1/blk_mem_gen_0.xci] -no_script -sync -force -quiet
create_ip_run [get_files -of_objects [get_fileset sources_1] d:/shixi/Gyro2AWSIoT/Gyro2AWSIoT.srcs/sources_1/ip/blk_mem_gen_0_1/blk_mem_gen_0.xci]
launch_runs -jobs 4 blk_mem_gen_0_synth_1
[Tue Jul 28 21:09:54 2020] Launched blk_mem_gen_0_synth_1...
Run output will be captured here: D:/shixi/Gyro2AWSIoT/Gyro2AWSIoT.runs/blk_mem_gen_0_synth_1/runme.log
export_simulation -of_objects [get_files d:/shixi/Gyro2AWSIoT/Gyro2AWSIoT.srcs/sources_1/ip/blk_mem_gen_0_1/blk_mem_gen_0.xci] -directory D:/shixi/Gyro2AWSIoT/Gyro2AWSIoT.ip_user_files/sim_scripts -ip_user_files_dir D:/shixi/Gyro2AWSIoT/Gyro2AWSIoT.ip_user_files -ipstatic_source_dir D:/shixi/Gyro2AWSIoT/Gyro2AWSIoT.ip_user_files/ipstatic -lib_map_path [list {modelsim=D:/shixi/Gyro2AWSIoT/Gyro2AWSIoT.cache/compile_simlib/modelsim} {questa=D:/shixi/Gyro2AWSIoT/Gyro2AWSIoT.cache/compile_simlib/questa} {riviera=D:/shixi/Gyro2AWSIoT/Gyro2AWSIoT.cache/compile_simlib/riviera} {activehdl=D:/shixi/Gyro2AWSIoT/Gyro2AWSIoT.cache/compile_simlib/activehdl}] -use_ip_compiled_libs -force -quiet
reset_run synth_2
WARNING: [Vivado 12-1017] Problems encountered:
1. Failed to delete one or more files in run directory D:/shixi/Gyro2AWSIoT/Gyro2AWSIoT.runs/synth_2

launch_runs synth_2 -jobs 4
[Tue Jul 28 21:10:20 2020] Launched blk_mem_gen_0_synth_1...
Run output will be captured here: D:/shixi/Gyro2AWSIoT/Gyro2AWSIoT.runs/blk_mem_gen_0_synth_1/runme.log
[Tue Jul 28 21:10:20 2020] Launched synth_2...
Run output will be captured here: D:/shixi/Gyro2AWSIoT/Gyro2AWSIoT.runs/synth_2/runme.log
launch_runs impl_2 -jobs 4
[Tue Jul 28 21:12:23 2020] Launched impl_2...
Run output will be captured here: D:/shixi/Gyro2AWSIoT/Gyro2AWSIoT.runs/impl_2/runme.log
launch_runs impl_2 -to_step write_bitstream -jobs 4
[Tue Jul 28 21:15:48 2020] Launched impl_2...
Run output will be captured here: D:/shixi/Gyro2AWSIoT/Gyro2AWSIoT.runs/impl_2/runme.log
WARNING: [IP_Flow 19-4067] Ignoring invalid widget type specified checkbox.Providing a default widget
WARNING: [IP_Flow 19-4067] Ignoring invalid widget type specified checkbox.Providing a default widget
WARNING: [IP_Flow 19-4067] Ignoring invalid widget type specified checkbox.Providing a default widget
WARNING: [IP_Flow 19-4067] Ignoring invalid widget type specified checkbox.Providing a default widget
reset_run synth_2
launch_runs synth_2 -jobs 4
[Tue Jul 28 22:45:11 2020] Launched synth_2...
Run output will be captured here: D:/shixi/Gyro2AWSIoT/Gyro2AWSIoT.runs/synth_2/runme.log
launch_runs impl_2 -jobs 4
[Tue Jul 28 22:46:00 2020] Launched impl_2...
Run output will be captured here: D:/shixi/Gyro2AWSIoT/Gyro2AWSIoT.runs/impl_2/runme.log
launch_runs impl_2 -to_step write_bitstream -jobs 4
[Tue Jul 28 22:46:56 2020] Launched impl_2...
Run output will be captured here: D:/shixi/Gyro2AWSIoT/Gyro2AWSIoT.runs/impl_2/runme.log
reset_run synth_2
launch_runs synth_2 -jobs 4
[Tue Jul 28 23:11:18 2020] Launched synth_2...
Run output will be captured here: D:/shixi/Gyro2AWSIoT/Gyro2AWSIoT.runs/synth_2/runme.log
launch_runs impl_2 -jobs 4
[Tue Jul 28 23:12:19 2020] Launched impl_2...
Run output will be captured here: D:/shixi/Gyro2AWSIoT/Gyro2AWSIoT.runs/impl_2/runme.log
launch_runs impl_2 -to_step write_bitstream -jobs 4
[Tue Jul 28 23:13:34 2020] Launched impl_2...
Run output will be captured here: D:/shixi/Gyro2AWSIoT/Gyro2AWSIoT.runs/impl_2/runme.log
exit
INFO: [Common 17-206] Exiting Vivado at Tue Jul 28 23:29:22 2020...
